app/build/intermediates/manifest_merge_blame_file/release/processReleaseMainManifest/manifest-merger-blame-release-report.txt
1<?xml version="1.0" encoding="utf-8"?>
2<manifest xmlns:android="http://schemas.android.com/apk/res/android"
3    package="com.example.vacations"
4    android:versionCode="1"
5    android:versionName="1.0" >
6
7    <uses-sdk
8        android:minSdkVersion="26"
9        android:targetSdkVersion="36" />
10
11    <uses-permission android:name="android.permission.POST_NOTIFICATIONS" />
11-->src\main\AndroidManifest.xml:5:5-76
11-->src\main\AndroidManifest.xml:5:22-74
12
13    <permission
13-->[androidx.core:core:1.13.1] AndroidManifest.xml:22:5-24:47
14        android:name="com.example.vacations.DYNAMIC_RECEIVER_NOT_EXPORTED_PERMISSION"
14-->[androidx.core:core:1.13.1] AndroidManifest.xml:23:9-81
15        android:protectionLevel="signature" />
15-->[androidx.core:core:1.13.1] AndroidManifest.xml:24:9-44
16
17    <uses-permission android:name="com.example.vacations.DYNAMIC_RECEIVER_NOT_EXPORTED_PERMISSION" />
17-->[androidx.core:core:1.13.1] AndroidManifest.xml:26:5-97
17-->[androidx.core:core:1.13.1] AndroidManifest.xml:26:22-94
18    <uses-permission android:name="android.permission.REORDER_TASKS" />
18-->[androidx.test:core:1.7.0] AndroidManifest.xml:24:5-72
18-->[androidx.test:core:1.7.0] AndroidManifest.xml:24:22-69
19
20    <queries>
20-->[androidx.test:runner:1.7.0] AndroidManifest.xml:24:5-28:15
21        <package android:name="androidx.test.orchestrator" />
21-->[androidx.test:runner:1.7.0] AndroidManifest.xml:25:9-62
21-->[androidx.test:runner:1.7.0] AndroidManifest.xml:25:18-59
22        <package android:name="androidx.test.services" />
22-->[androidx.test:runner:1.7.0] AndroidManifest.xml:26:9-58
22-->[androidx.test:runner:1.7.0] AndroidManifest.xml:26:18-55
23        <package android:name="com.google.android.apps.common.testing.services" />
23-->[androidx.test:runner:1.7.0] AndroidManifest.xml:27:9-83
23-->[androidx.test:runner:1.7.0] AndroidManifest.xml:27:18-80
24    </queries>
25
26    <application
26-->src\main\AndroidManifest.xml:6:5-50:19
27        android:allowBackup="true"
27-->src\main\AndroidManifest.xml:7:9-35
28        android:appComponentFactory="androidx.core.app.CoreComponentFactory"
28-->[androidx.core:core:1.13.1] AndroidManifest.xml:28:18-86
29        android:dataExtractionRules="@xml/data_extraction_rules"
29-->src\main\AndroidManifest.xml:8:9-65
30        android:extractNativeLibs="false"
31        android:fullBackupContent="@xml/backup_rules"
31-->src\main\AndroidManifest.xml:9:9-54
32        android:icon="@mipmap/ic_launcher"
32-->src\main\AndroidManifest.xml:10:9-43
33        android:label="@string/app_name"
33-->src\main\AndroidManifest.xml:11:9-41
34        android:roundIcon="@mipmap/ic_launcher_round"
34-->src\main\AndroidManifest.xml:12:9-54
35        android:supportsRtl="true"
35-->src\main\AndroidManifest.xml:13:9-35
36        android:theme="@style/Theme.Vacations" >
36-->src\main\AndroidManifest.xml:14:9-47
37        <receiver
37-->src\main\AndroidManifest.xml:15:9-18:48
38            android:name="com.example.oe.UI.MyReceiver"
38-->src\main\AndroidManifest.xml:16:13-42
39            android:enabled="true"
39-->src\main\AndroidManifest.xml:17:13-35
40            android:exported="true" />
40-->src\main\AndroidManifest.xml:18:13-36
41
42        <activity
42-->src\main\AndroidManifest.xml:20:9-24:64
43            android:name="com.example.oe.UI.ExcursionDetails"
43-->src\main\AndroidManifest.xml:21:13-48
44            android:exported="false"
44-->src\main\AndroidManifest.xml:22:13-37
45            android:label="Excursion Details"
45-->src\main\AndroidManifest.xml:23:13-46
46            android:parentActivityName="com.example.oe.UI.VacationDetails" />
46-->src\main\AndroidManifest.xml:24:13-61
47        <activity
47-->src\main\AndroidManifest.xml:25:9-29:61
48            android:name="com.example.oe.UI.VacationDetails"
48-->src\main\AndroidManifest.xml:26:13-47
49            android:exported="false"
49-->src\main\AndroidManifest.xml:27:13-37
50            android:label="Vacation Details and Excursion List"
50-->src\main\AndroidManifest.xml:28:13-64
51            android:parentActivityName="com.example.oe.UI.VacationList" />
51-->src\main\AndroidManifest.xml:29:13-58
52        <activity
52-->src\main\AndroidManifest.xml:30:9-34:61
53            android:name="com.example.oe.UI.VacationList"
53-->src\main\AndroidManifest.xml:31:13-44
54            android:exported="false"
54-->src\main\AndroidManifest.xml:32:13-37
55            android:label="Vacation List"
55-->src\main\AndroidManifest.xml:33:13-42
56            android:parentActivityName="com.example.oe.UI.MainActivity" />
56-->src\main\AndroidManifest.xml:34:13-58
57        <activity
57-->src\main\AndroidManifest.xml:35:9-39:61
58            android:name="com.example.oe.UI.Report"
58-->src\main\AndroidManifest.xml:36:13-38
59            android:exported="false"
59-->src\main\AndroidManifest.xml:37:13-37
60            android:label="Report"
60-->src\main\AndroidManifest.xml:38:13-35
61            android:parentActivityName="com.example.oe.UI.VacationList" />
61-->src\main\AndroidManifest.xml:39:13-58
62        <activity
62-->src\main\AndroidManifest.xml:40:9-49:20
63            android:name="com.example.oe.UI.MainActivity"
63-->src\main\AndroidManifest.xml:41:13-44
64            android:exported="true"
64-->src\main\AndroidManifest.xml:42:13-36
65            android:label="Main Activity" >
65-->src\main\AndroidManifest.xml:43:13-42
66            <intent-filter>
66-->src\main\AndroidManifest.xml:44:13-48:29
67                <action android:name="android.intent.action.MAIN" />
67-->src\main\AndroidManifest.xml:45:17-69
67-->src\main\AndroidManifest.xml:45:25-66
68
69                <category android:name="android.intent.category.LAUNCHER" />
69-->src\main\AndroidManifest.xml:47:17-77
69-->src\main\AndroidManifest.xml:47:27-74
70            </intent-filter>
71        </activity>
72
73        <service
73-->[androidx.room:room-runtime:2.6.1] AndroidManifest.xml:24:9-28:63
74            android:name="androidx.room.MultiInstanceInvalidationService"
74-->[androidx.room:room-runtime:2.6.1] AndroidManifest.xml:25:13-74
75            android:directBootAware="true"
75-->[androidx.room:room-runtime:2.6.1] AndroidManifest.xml:26:13-43
76            android:exported="false" />
76-->[androidx.room:room-runtime:2.6.1] AndroidManifest.xml:27:13-37
77
78        <provider
78-->[androidx.emoji2:emoji2:1.3.0] AndroidManifest.xml:24:9-32:20
79            android:name="androidx.startup.InitializationProvider"
79-->[androidx.emoji2:emoji2:1.3.0] AndroidManifest.xml:25:13-67
80            android:authorities="com.example.vacations.androidx-startup"
80-->[androidx.emoji2:emoji2:1.3.0] AndroidManifest.xml:26:13-68
81            android:exported="false" >
81-->[androidx.emoji2:emoji2:1.3.0] AndroidManifest.xml:27:13-37
82            <meta-data
82-->[androidx.emoji2:emoji2:1.3.0] AndroidManifest.xml:29:13-31:52
83                android:name="androidx.emoji2.text.EmojiCompatInitializer"
83-->[androidx.emoji2:emoji2:1.3.0] AndroidManifest.xml:30:17-75
84                android:value="androidx.startup" />
84-->[androidx.emoji2:emoji2:1.3.0] AndroidManifest.xml:31:17-49
85            <meta-data
85-->[androidx.lifecycle:lifecycle-process:2.6.2] AndroidManifest.xml:29:13-31:52
86                android:name="androidx.lifecycle.ProcessLifecycleInitializer"
86-->[androidx.lifecycle:lifecycle-process:2.6.2] AndroidManifest.xml:30:17-78
87                android:value="androidx.startup" />
87-->[androidx.lifecycle:lifecycle-process:2.6.2] AndroidManifest.xml:31:17-49
88            <meta-data
88-->[androidx.profileinstaller:profileinstaller:1.4.0] AndroidManifest.xml:29:13-31:52
89                android:name="androidx.profileinstaller.ProfileInstallerInitializer"
89-->[androidx.profileinstaller:profileinstaller:1.4.0] AndroidManifest.xml:30:17-85
90                android:value="androidx.startup" />
90-->[androidx.profileinstaller:profileinstaller:1.4.0] AndroidManifest.xml:31:17-49
91        </provider>
92
93        <activity
93-->[androidx.test:core:1.7.0] AndroidManifest.xml:27:9-34:20
94            android:name="androidx.test.core.app.InstrumentationActivityInvoker$BootstrapActivity"
94-->[androidx.test:core:1.7.0] AndroidManifest.xml:28:13-99
95            android:exported="true"
95-->[androidx.test:core:1.7.0] AndroidManifest.xml:29:13-36
96            android:theme="@style/WhiteBackgroundTheme" >
96-->[androidx.test:core:1.7.0] AndroidManifest.xml:30:13-56
97            <intent-filter android:priority="-100" >
97-->[androidx.test:core:1.7.0] AndroidManifest.xml:31:13-33:29
97-->[androidx.test:core:1.7.0] AndroidManifest.xml:31:28-51
98                <category android:name="android.intent.category.LAUNCHER" />
98-->src\main\AndroidManifest.xml:47:17-77
98-->src\main\AndroidManifest.xml:47:27-74
99            </intent-filter>
100        </activity>
101        <activity
101-->[androidx.test:core:1.7.0] AndroidManifest.xml:35:9-42:20
102            android:name="androidx.test.core.app.InstrumentationActivityInvoker$EmptyActivity"
102-->[androidx.test:core:1.7.0] AndroidManifest.xml:36:13-95
103            android:exported="true"
103-->[androidx.test:core:1.7.0] AndroidManifest.xml:37:13-36
104            android:theme="@style/WhiteBackgroundTheme" >
104-->[androidx.test:core:1.7.0] AndroidManifest.xml:38:13-56
105            <intent-filter android:priority="-100" >
105-->[androidx.test:core:1.7.0] AndroidManifest.xml:31:13-33:29
105-->[androidx.test:core:1.7.0] AndroidManifest.xml:31:28-51
106                <category android:name="android.intent.category.LAUNCHER" />
106-->src\main\AndroidManifest.xml:47:17-77
106-->src\main\AndroidManifest.xml:47:27-74
107            </intent-filter>
108        </activity>
109        <activity
109-->[androidx.test:core:1.7.0] AndroidManifest.xml:43:9-50:20
110            android:name="androidx.test.core.app.InstrumentationActivityInvoker$EmptyFloatingActivity"
110-->[androidx.test:core:1.7.0] AndroidManifest.xml:44:13-103
111            android:exported="true"
111-->[androidx.test:core:1.7.0] AndroidManifest.xml:45:13-36
112            android:theme="@style/WhiteBackgroundDialogTheme" >
112-->[androidx.test:core:1.7.0] AndroidManifest.xml:46:13-62
113            <intent-filter android:priority="-100" >
113-->[androidx.test:core:1.7.0] AndroidManifest.xml:31:13-33:29
113-->[androidx.test:core:1.7.0] AndroidManifest.xml:31:28-51
114                <category android:name="android.intent.category.LAUNCHER" />
114-->src\main\AndroidManifest.xml:47:17-77
114-->src\main\AndroidManifest.xml:47:27-74
115            </intent-filter>
116        </activity>
117
118        <receiver
118-->[androidx.profileinstaller:profileinstaller:1.4.0] AndroidManifest.xml:34:9-52:20
119            android:name="androidx.profileinstaller.ProfileInstallReceiver"
119-->[androidx.profileinstaller:profileinstaller:1.4.0] AndroidManifest.xml:35:13-76
120            android:directBootAware="false"
120-->[androidx.profileinstaller:profileinstaller:1.4.0] AndroidManifest.xml:36:13-44
121            android:enabled="true"
121-->[androidx.profileinstaller:profileinstaller:1.4.0] AndroidManifest.xml:37:13-35
122            android:exported="true"
122-->[androidx.profileinstaller:profileinstaller:1.4.0] AndroidManifest.xml:38:13-36
123            android:permission="android.permission.DUMP" >
123-->[androidx.profileinstaller:profileinstaller:1.4.0] AndroidManifest.xml:39:13-57
124            <intent-filter>
124-->[androidx.profileinstaller:profileinstaller:1.4.0] AndroidManifest.xml:40:13-42:29
125                <action android:name="androidx.profileinstaller.action.INSTALL_PROFILE" />
125-->[androidx.profileinstaller:profileinstaller:1.4.0] AndroidManifest.xml:41:17-91
125-->[androidx.profileinstaller:profileinstaller:1.4.0] AndroidManifest.xml:41:25-88
126            </intent-filter>
127            <intent-filter>
127-->[androidx.profileinstaller:profileinstaller:1.4.0] AndroidManifest.xml:43:13-45:29
128                <action android:name="androidx.profileinstaller.action.SKIP_FILE" />
128-->[androidx.profileinstaller:profileinstaller:1.4.0] AndroidManifest.xml:44:17-85
128-->[androidx.profileinstaller:profileinstaller:1.4.0] AndroidManifest.xml:44:25-82
129            </intent-filter>
130            <intent-filter>
130-->[androidx.profileinstaller:profileinstaller:1.4.0] AndroidManifest.xml:46:13-48:29
131                <action android:name="androidx.profileinstaller.action.SAVE_PROFILE" />
131-->[androidx.profileinstaller:profileinstaller:1.4.0] AndroidManifest.xml:47:17-88
131-->[androidx.profileinstaller:profileinstaller:1.4.0] AndroidManifest.xml:47:25-85
132            </intent-filter>
133            <intent-filter>
133-->[androidx.profileinstaller:profileinstaller:1.4.0] AndroidManifest.xml:49:13-51:29
134                <action android:name="androidx.profileinstaller.action.BENCHMARK_OPERATION" />
134-->[androidx.profileinstaller:profileinstaller:1.4.0] AndroidManifest.xml:50:17-95
134-->[androidx.profileinstaller:profileinstaller:1.4.0] AndroidManifest.xml:50:25-92
135            </intent-filter>
136        </receiver>
137    </application>
138
139</manifest>